  Camera.cpp
  Light.cpp
  main.cpp
C:\Users\mtunk\source\repos\AppVulkan\AppVulkan\Window.h(14,34): warning C4244: 'return': conversion from 'int' to 'float', possible loss of data
C:\Users\mtunk\source\repos\AppVulkan\AppVulkan\Window.h(15,34): warning C4244: 'return': conversion from 'int' to 'float', possible loss of data
C:\Users\mtunk\source\repos\AppVulkan\AppVulkan\main.cpp(26,13): warning C4244: 'initializing': conversion from 'double' to 'float', possible loss of data
  Mesh.cpp
  Model.cpp
  VulkanRenderer.cpp
C:\Users\mtunk\source\repos\AppVulkan\AppVulkan\Window.h(14,34): warning C4244: 'return': conversion from 'int' to 'float', possible loss of data
C:\Users\mtunk\source\repos\AppVulkan\AppVulkan\Window.h(15,34): warning C4244: 'return': conversion from 'int' to 'float', possible loss of data
C:\Users\mtunk\source\repos\AppVulkan\AppVulkan\VulkanRenderer.cpp(57,17): warning C4018: '>=': signed/unsigned mismatch
  Window.cpp
C:\Users\mtunk\source\repos\AppVulkan\AppVulkan\Window.h(14,34): warning C4244: 'return': conversion from 'int' to 'float', possible loss of data
C:\Users\mtunk\source\repos\AppVulkan\AppVulkan\Window.h(15,34): warning C4244: 'return': conversion from 'int' to 'float', possible loss of data
C:\Users\mtunk\source\repos\AppVulkan\AppVulkan\Window.cpp(100,22): warning C4244: '=': conversion from 'double' to 'float', possible loss of data
C:\Users\mtunk\source\repos\AppVulkan\AppVulkan\Window.cpp(101,22): warning C4244: '=': conversion from 'double' to 'float', possible loss of data
C:\Users\mtunk\source\repos\AppVulkan\AppVulkan\Window.cpp(105,28): warning C4244: '=': conversion from 'double' to 'float', possible loss of data
C:\Users\mtunk\source\repos\AppVulkan\AppVulkan\Window.cpp(106,40): warning C4244: '=': conversion from 'double' to 'float', possible loss of data
C:\Users\mtunk\source\repos\AppVulkan\AppVulkan\Window.cpp(108,21): warning C4244: '=': conversion from 'double' to 'float', possible loss of data
C:\Users\mtunk\source\repos\AppVulkan\AppVulkan\Window.cpp(109,21): warning C4244: '=': conversion from 'double' to 'float', possible loss of data
  Generating code
  Previous IPDB not found, fall back to full compilation.
C:\Users\mtunk\source\repos\AppVulkan\AppVulkan\Utilities.h(85): warning C4715: 'findMemoryTypeIndex': not all control paths return a value
C:\Users\mtunk\source\repos\AppVulkan\AppVulkan\Utilities.h(85): warning C4715: 'findMemoryTypeIndex': not all control paths return a value
  All 1616 functions were compiled because no usable IPDB/IOBJ from previous compilation was found.
  Finished generating code
  AppVulkan.vcxproj -> C:\Users\mtunk\source\repos\AppVulkan\Release\AppVulkan.exe
